github.com/JakeFAU/realtime-cpi/webcrawler/cmd/crawl.go:17:				newCrawlCmd		0.0%
github.com/JakeFAU/realtime-cpi/webcrawler/cmd/root.go:45:				newRootCmd		0.0%
github.com/JakeFAU/realtime-cpi/webcrawler/cmd/root.go:89:				Execute			0.0%
github.com/JakeFAU/realtime-cpi/webcrawler/internal/app/app.go:27:			GetLogger		100.0%
github.com/JakeFAU/realtime-cpi/webcrawler/internal/app/app.go:31:			GetStorage		100.0%
github.com/JakeFAU/realtime-cpi/webcrawler/internal/app/app.go:35:			GetDatabase		100.0%
github.com/JakeFAU/realtime-cpi/webcrawler/internal/app/app.go:39:			GetQueue		100.0%
github.com/JakeFAU/realtime-cpi/webcrawler/internal/app/app.go:47:			NewApp			75.6%
github.com/JakeFAU/realtime-cpi/webcrawler/internal/app/app.go:131:			Close			85.7%
github.com/JakeFAU/realtime-cpi/webcrawler/internal/crawler/colly_crawler.go:28:	NewCollyCrawler		100.0%
github.com/JakeFAU/realtime-cpi/webcrawler/internal/crawler/colly_crawler.go:45:	Run			80.0%
github.com/JakeFAU/realtime-cpi/webcrawler/internal/crawler/colly_crawler.go:57:	initCollector		75.0%
github.com/JakeFAU/realtime-cpi/webcrawler/internal/crawler/colly_crawler.go:95:	handleHTML		0.0%
github.com/JakeFAU/realtime-cpi/webcrawler/internal/crawler/colly_crawler.go:101:	handleResponse		89.5%
github.com/JakeFAU/realtime-cpi/webcrawler/internal/crawler/colly_crawler.go:144:	handleError		60.0%
github.com/JakeFAU/realtime-cpi/webcrawler/internal/crawler/colly_crawler.go:159:	generateObjectName	100.0%
github.com/JakeFAU/realtime-cpi/webcrawler/internal/database/database.go:38:		SaveCrawl		0.0%
github.com/JakeFAU/realtime-cpi/webcrawler/internal/database/database.go:43:		Close			0.0%
github.com/JakeFAU/realtime-cpi/webcrawler/internal/database/postgres_database.go:37:	Connect			0.0%
github.com/JakeFAU/realtime-cpi/webcrawler/internal/database/postgres_database.go:44:	NewPostgresProvider	100.0%
github.com/JakeFAU/realtime-cpi/webcrawler/internal/database/postgres_database.go:79:	SaveCrawl		100.0%
github.com/JakeFAU/realtime-cpi/webcrawler/internal/database/postgres_database.go:83:	saveCrawl		100.0%
github.com/JakeFAU/realtime-cpi/webcrawler/internal/database/postgres_database.go:113:	Close			66.7%
github.com/JakeFAU/realtime-cpi/webcrawler/internal/logging/logger.go:18:		InitLogger		0.0%
github.com/JakeFAU/realtime-cpi/webcrawler/internal/queue/pubsub_queue.go:46:		Publish			100.0%
github.com/JakeFAU/realtime-cpi/webcrawler/internal/queue/pubsub_queue.go:57:		Close			100.0%
github.com/JakeFAU/realtime-cpi/webcrawler/internal/queue/pubsub_queue.go:77:		NewClients		0.0%
github.com/JakeFAU/realtime-cpi/webcrawler/internal/queue/pubsub_queue.go:88:		fullTopicName		100.0%
github.com/JakeFAU/realtime-cpi/webcrawler/internal/queue/pubsub_queue.go:95:		NewPubSubProvider	0.0%
github.com/JakeFAU/realtime-cpi/webcrawler/internal/queue/pubsub_queue.go:131:		verifyTopic		100.0%
github.com/JakeFAU/realtime-cpi/webcrawler/internal/queue/queue.go:26:			Publish			0.0%
github.com/JakeFAU/realtime-cpi/webcrawler/internal/queue/queue.go:29:			Close			0.0%
github.com/JakeFAU/realtime-cpi/webcrawler/internal/storage/gcs_provider.go:29:		NewClient		0.0%
github.com/JakeFAU/realtime-cpi/webcrawler/internal/storage/gcs_provider.go:35:		NewGCSProvider		90.0%
github.com/JakeFAU/realtime-cpi/webcrawler/internal/storage/gcs_provider.go:59:		Save			62.5%
github.com/JakeFAU/realtime-cpi/webcrawler/internal/storage/provider.go:23:		Save			0.0%
github.com/JakeFAU/realtime-cpi/webcrawler/main.go:10:					main			0.0%
github.com/JakeFAU/realtime-cpi/webcrawler/pkg/config/viper.go:16:			InitConfig		0.0%
total:											(statements)		56.1%
